<?xml version="1.0" encoding="UTF-8"?>
<!-- Generated by org.testng.reporters.JUnitReportReporter -->
<testsuite hostname="LAPTOP-3JJI0GN6" failures="0" tests="1" name="PUT" time="3.328" errors="0" timestamp="2022-02-06T14:45:09 IST" skipped="0">
  <testcase classname="PUT" name="put_test" time="3.328"/>
  <system-out/>
</testsuite> <!-- PUT -->
