<?xml version="1.0" encoding="UTF-8"?>
<!-- Generated by org.testng.reporters.JUnitReportReporter -->
<testsuite hostname="LAPTOP-3JJI0GN6" failures="0" tests="1" name="TestNgAnnotations" time="0.004" errors="0" timestamp="2022-02-05T12:54:58 IST" skipped="0">
  <testcase classname="TestNgAnnotations" name="testCase1" time="0.004"/>
  <system-out/>
</testsuite> <!-- TestNgAnnotations -->
