<?xml version="1.0" encoding="UTF-8"?>
<!-- Generated by org.testng.reporters.JUnitReportReporter -->
<testsuite hostname="LAPTOP-3JJI0GN6" failures="0" tests="1" name="DELETE" time="3.707" errors="0" timestamp="2022-02-06T14:40:19 IST" skipped="0">
  <testcase classname="DELETE" name="test_01" time="3.707"/>
  <system-out/>
</testsuite> <!-- DELETE -->
