<?xml version="1.0" encoding="UTF-8"?>
<!-- Generated by org.testng.reporters.JUnitReportReporter -->
<testsuite hostname="LAPTOP-3JJI0GN6" failures="0" tests="1" name="Test01_GET" time="2.382" errors="0" timestamp="2022-02-05T12:23:56 IST" skipped="0">
  <testcase classname="Test01_GET" name="test_01" time="2.382"/>
  <system-out/>
</testsuite> <!-- Test01_GET -->
